[2025-07-22T15:26:11.178Z] redirectUrl:
{
  "method": "GET",
  "headers": {
    "host": "39075c16a73e.ngrok-free.app",
    "user-agent": "Mozilla/5.0 (Macintosh; Intel Mac OS X 10_15_7) AppleWebKit/537.36 (KHTML, like Gecko) Chrome/138.0.0.0 Safari/537.36",
    "accept": "text/html,application/xhtml+xml,application/xml;q=0.9,image/avif,image/webp,image/apng,*/*;q=0.8,application/signed-exchange;v=b3;q=0.7",
    "accept-encoding": "gzip, deflate, br, zstd",
    "accept-language": "en-US,en;q=0.9,ar;q=0.8,zh;q=0.7,sv;q=0.6",
    "priority": "u=0, i",
    "referer": "https://www.facebook.com/",
    "sec-ch-ua": "\"Not)A;Brand\";v=\"8\", \"Chromium\";v=\"138\", \"Google Chrome\";v=\"138\"",
    "sec-ch-ua-mobile": "?0",
    "sec-ch-ua-platform": "\"macOS\"",
    "sec-fetch-dest": "document",
    "sec-fetch-mode": "navigate",
    "sec-fetch-site": "cross-site",
    "upgrade-insecure-requests": "1",
    "x-forwarded-for": "197.133.173.188",
    "x-forwarded-host": "39075c16a73e.ngrok-free.app",
    "x-forwarded-proto": "https"
  },
  "query": {
    "code": "AQDTaSlqrfLFzWJa46SW4DYIOhcXAE7zMoOadSwEglyHnF-Yh6T_ZyURY4b5ubqshro3378YXcIetxqlzA2gAgafEZJwxMc2JxXawGVYGlS7J_vMT-USvnyxQ5sS70A4S3vffGdNSDJjThU53sGz39Rq9AFujeefly_HQvT1kWKncAAkSYbPSIUXN4eexDwX5hdjNq1JzdrZRLTTFR5YgsHRsmipw7E56nqPsxRTzeFSEOoYTdTb6AYUjwiOhBKvAKtREJmkH6B6W_7R1oQT37-xBExP7gzx--zCgo6UyK5vG2dLivXt5KTH81euCeJeO0elmh1Mg777jopRmJE47NyvawtAyYXXrGsTKafr2mIlbSkAjIneESVbDdMI7P18StA"
  },
  "url": "/redirect?code=AQDTaSlqrfLFzWJa46SW4DYIOhcXAE7zMoOadSwEglyHnF-Yh6T_ZyURY4b5ubqshro3378YXcIetxqlzA2gAgafEZJwxMc2JxXawGVYGlS7J_vMT-USvnyxQ5sS70A4S3vffGdNSDJjThU53sGz39Rq9AFujeefly_HQvT1kWKncAAkSYbPSIUXN4eexDwX5hdjNq1JzdrZRLTTFR5YgsHRsmipw7E56nqPsxRTzeFSEOoYTdTb6AYUjwiOhBKvAKtREJmkH6B6W_7R1oQT37-xBExP7gzx--zCgo6UyK5vG2dLivXt5KTH81euCeJeO0elmh1Mg777jopRmJE47NyvawtAyYXXrGsTKafr2mIlbSkAjIneESVbDdMI7P18StA"
}

