[2025-07-22T15:09:16.700Z] redirectUrl:
{
  "method": "GET",
  "headers": {
    "host": "39075c16a73e.ngrok-free.app",
    "user-agent": "Mozilla/5.0 (Macintosh; Intel Mac OS X 10_15_7) AppleWebKit/537.36 (KHTML, like Gecko) Chrome/138.0.0.0 Safari/537.36",
    "accept": "text/html,application/xhtml+xml,application/xml;q=0.9,image/avif,image/webp,image/apng,*/*;q=0.8,application/signed-exchange;v=b3;q=0.7",
    "accept-encoding": "gzip, deflate, br, zstd",
    "accept-language": "en-US,en;q=0.9,ar;q=0.8,zh;q=0.7,sv;q=0.6",
    "priority": "u=0, i",
    "referer": "https://www.facebook.com/",
    "sec-ch-ua": "\"Not)A;Brand\";v=\"8\", \"Chromium\";v=\"138\", \"Google Chrome\";v=\"138\"",
    "sec-ch-ua-mobile": "?0",
    "sec-ch-ua-platform": "\"macOS\"",
    "sec-fetch-dest": "document",
    "sec-fetch-mode": "navigate",
    "sec-fetch-site": "cross-site",
    "upgrade-insecure-requests": "1",
    "x-forwarded-for": "197.133.173.188",
    "x-forwarded-host": "39075c16a73e.ngrok-free.app",
    "x-forwarded-proto": "https"
  },
  "query": {
    "code": "AQAB6SVA7-AJSP9DRIhcuVmMdaXJoohyHY0urj_QdoyaGBgepwJ2fBv1weipAb5XQZH1QArn3TVQtmuFEv8ry-RhxQr-QXw7QEvS7WCqjo3QwKy_Vq6SgWWdaqv3jtA3Zdxg6iJkscPewNliFyD03mVLXy-OMuG_tQJbdM5uq1WbHoJZ4_qExJX0wepgUYsKEJDTl0ZROcqGXgpixzi2klys-D41smC0Cz8-_j71V32mu1HtzEMTVwxlcA9Ryjsh-yI8eDUGHt3mt6Vf33QYEMofbQfyaGePC8lZCG_yTsFDGimBBMr-WQKsUYePJ5kqPFhNVq0SwQu2kqVy53xfEyQCJNZjzKzVwlt8eXP5ULblti_tG8gND_okWO8Fz2YwykQ"
  },
  "url": "/redirect?code=AQAB6SVA7-AJSP9DRIhcuVmMdaXJoohyHY0urj_QdoyaGBgepwJ2fBv1weipAb5XQZH1QArn3TVQtmuFEv8ry-RhxQr-QXw7QEvS7WCqjo3QwKy_Vq6SgWWdaqv3jtA3Zdxg6iJkscPewNliFyD03mVLXy-OMuG_tQJbdM5uq1WbHoJZ4_qExJX0wepgUYsKEJDTl0ZROcqGXgpixzi2klys-D41smC0Cz8-_j71V32mu1HtzEMTVwxlcA9Ryjsh-yI8eDUGHt3mt6Vf33QYEMofbQfyaGePC8lZCG_yTsFDGimBBMr-WQKsUYePJ5kqPFhNVq0SwQu2kqVy53xfEyQCJNZjzKzVwlt8eXP5ULblti_tG8gND_okWO8Fz2YwykQ"
}

