[2025-04-30T10:31:06.998Z] notificationUrl:
{
  "method": "POST",
  "headers": {
    "host": "394e-197-135-80-208.ngrok-free.app",
    "user-agent": "PostmanRuntime/7.43.3",
    "content-length": "19",
    "accept": "*/*",
    "accept-encoding": "gzip, deflate, br",
    "content-type": "application/json",
    "postman-token": "3cdba849-f9af-4740-96a4-704deef6f21e",
    "x-forwarded-for": "197.135.80.208",
    "x-forwarded-host": "394e-197-135-80-208.ngrok-free.app",
    "x-forwarded-proto": "https"
  },
  "body": {
    "fol": "lol"
  },
  "query": {},
  "url": "/notification"
}

