[2025-05-22T11:47:52.369Z] redirectUrl:
{
  "method": "GET",
  "headers": {
    "host": "a5c2-2c0f-fc88-95-2043-c004-128f-e472-4769.ngrok-free.app",
    "user-agent": "Mozilla/5.0 (Macintosh; Intel Mac OS X 10_15_7) AppleWebKit/537.36 (KHTML, like Gecko) Chrome/136.0.0.0 Safari/537.36",
    "accept": "text/html,application/xhtml+xml,application/xml;q=0.9,image/avif,image/webp,image/apng,*/*;q=0.8,application/signed-exchange;v=b3;q=0.7",
    "accept-encoding": "gzip, deflate, br, zstd",
    "accept-language": "en-US,en;q=0.9,ar;q=0.8,zh;q=0.7,sv;q=0.6",
    "if-none-match": "W/\"33-vSp1h46z5T/KlecEc+XuY1XqUFE\"",
    "priority": "u=0, i",
    "referer": "https://partner.uib.ai/",
    "sec-ch-ua": "\"Chromium\";v=\"136\", \"Google Chrome\";v=\"136\", \"Not.A/Brand\";v=\"99\"",
    "sec-ch-ua-mobile": "?0",
    "sec-ch-ua-platform": "\"macOS\"",
    "sec-fetch-dest": "document",
    "sec-fetch-mode": "navigate",
    "sec-fetch-site": "cross-site",
    "upgrade-insecure-requests": "1",
    "x-forwarded-for": "2c0f:fc88:95:2043:c004:128f:e472:4769",
    "x-forwarded-host": "a5c2-2c0f-fc88-95-2043-c004-128f-e472-4769.ngrok-free.app",
    "x-forwarded-proto": "https"
  },
  "query": {
    "status": "false",
    "message": "Invalid notification url"
  },
  "url": "/redirect?status=false&message=Invalid%20notification%20url"
}

