[2025-05-15T11:32:47.348Z] redirectUrl:
{
  "method": "GET",
  "headers": {
    "host": "acca-94-200-173-6.ngrok-free.app",
    "user-agent": "Mozilla/5.0 (Windows NT 10.0; Win64; x64) AppleWebKit/537.36 (KHTML, like Gecko) Chrome/135.0.0.0 Safari/537.36 Edg/135.0.0.0",
    "accept": "text/html,application/xhtml+xml,application/xml;q=0.9,image/avif,image/webp,image/apng,*/*;q=0.8,application/signed-exchange;v=b3;q=0.7",
    "accept-encoding": "gzip, deflate, br, zstd",
    "accept-language": "ar,en;q=0.9,en-GB;q=0.8,en-US;q=0.7",
    "priority": "u=0, i",
    "referer": "https://partner.uib.ai/",
    "sec-ch-ua": "\"Microsoft Edge\";v=\"135\", \"Not-A.Brand\";v=\"8\", \"Chromium\";v=\"135\"",
    "sec-ch-ua-mobile": "?0",
    "sec-ch-ua-platform": "\"Windows\"",
    "sec-fetch-dest": "document",
    "sec-fetch-mode": "navigate",
    "sec-fetch-site": "cross-site",
    "upgrade-insecure-requests": "1",
    "x-forwarded-for": "2a02:cb80:4072:6b6a:a447:eeed:76ca:b6e1",
    "x-forwarded-host": "acca-94-200-173-6.ngrok-free.app",
    "x-forwarded-proto": "https"
  },
  "query": {
    "status": "true",
    "data": "eyJ3YWJhSWQiOiIxNjExNjA5NDgyODgzOTMxIiwicGhvbmVOdW1iZXIiOiIrOTY2IDU5IDAxNCA2NjE4IiwidmVyaWZpZWROYW1lIjoiU2hhbnBtZSAgTWFya2V0aW5nIiwiY3VzdG9tZXJJZCI6IjEyLXNobnAifQ==",
    "message": "success"
  },
  "url": "/redirect?status=true&data=eyJ3YWJhSWQiOiIxNjExNjA5NDgyODgzOTMxIiwicGhvbmVOdW1iZXIiOiIrOTY2IDU5IDAxNCA2NjE4IiwidmVyaWZpZWROYW1lIjoiU2hhbnBtZSAgTWFya2V0aW5nIiwiY3VzdG9tZXJJZCI6IjEyLXNobnAifQ==&message=success"
}

