[2025-05-15T12:45:59.876Z] redirectUrl:
{
  "method": "GET",
  "headers": {
    "host": "acca-94-200-173-6.ngrok-free.app",
    "user-agent": "PostmanRuntime/7.43.4",
    "content-length": "45",
    "accept": "*/*",
    "accept-encoding": "gzip, deflate, br",
    "content-type": "application/json",
    "postman-token": "24df91e4-42ca-4c18-8239-ae83ed3b6d8a",
    "x-forwarded-for": "94.200.173.6",
    "x-forwarded-host": "acca-94-200-173-6.ngrok-free.app",
    "x-forwarded-proto": "https"
  },
  "body": {
    "type": "redirect",
    "id": "33333"
  },
  "query": {},
  "url": "/redirect"
}

