[2025-04-30T10:44:58.240Z] redirectUrl:
{
  "method": "GET",
  "headers": {
    "host": "394e-197-135-80-208.ngrok-free.app",
    "user-agent": "PostmanRuntime/7.43.3",
    "content-length": "45",
    "accept": "*/*",
    "accept-encoding": "gzip, deflate, br",
    "content-type": "application/json",
    "postman-token": "61ed63bd-eed7-40f1-9c9d-83819befe04b",
    "x-forwarded-for": "197.135.80.208",
    "x-forwarded-host": "394e-197-135-80-208.ngrok-free.app",
    "x-forwarded-proto": "https"
  },
  "body": {
    "type": "redirect",
    "id": "33333"
  },
  "query": {},
  "url": "/redirect"
}

