[2025-05-28T10:38:21.128Z] webhookUrl:
{
  "method": "POST",
  "headers": {
    "host": "519f-197-135-187-17.ngrok-free.app",
    "user-agent": "Go-http-client/2.0",
    "content-length": "1472",
    "accept-encoding": "gzip",
    "authorization": "Basic YTU5NWRiNDg0ZTlhNGUzYWExYThiZmI1NWFkNTY1MzA6MGQyNTdmZjQ1YzIwNGMwZjEwNGRhYjZiNDdmYjc0NjM=",
    "content-type": "application/json",
    "x-forwarded-for": "18.157.156.56",
    "x-forwarded-host": "519f-197-135-187-17.ngrok-free.app",
    "x-forwarded-proto": "https",
    "x-unificationengine-signature": "NjYxNzlmYTcyMDFhMGUxNzQ4YjUzMTY3MDVjNjA1MzhjZmZlMzAxNmMzMWUwY2EwOTQ1ZTRkNzFlNTdjMDU2OWY2ZjJhYTA1MDJmYTlhNTE4MTgwNDNmNjRlNjBlZDg1Nzg4NjFkN2NlMTRkMTg0MGM0NjBlYWRiYmNmMTBlZGQ="
  },
  "body": {
    "uri": "https://519f-197-135-187-17.ngrok-free.app/webhook",
    "data": {
      "messagepreview": "بقولك ايه انت نشرت محطه البنزين علي حراج ولا لسه علشان فيه تعديل صغير ف الصور",
      "connectionname": "",
      "uri": "whatsappcloud://966504766622@",
      "receiveraddress": "201096164521",
      "senderaddress": "966504766622",
      "attachment": {
        "value": "بقولك ايه انت نشرت محطه البنزين علي حراج ولا لسه علشان فيه تعديل صغير ف الصور",
        "uri": "whatsappcloud://201096164521@whatsapp.com"
      },
      "timestamp": 1748428699,
      "attachmenttype": "text",
      "webhookaccesskey": "e7a4f2a1-3b78-4641-abe2-8d4fa2bd4583",
      "parts": [
        {
          "contentType": "text",
          "data": "بقولك ايه انت نشرت محطه البنزين علي حراج ولا لسه علشان فيه تعديل صغير ف الصور",
          "uri": "whatsappcloud://201096164521@whatsapp.com",
          "originalEvent": "{\"from\":\"201096164521\",\"id\":\"wamid.HBgMMjAxMDk2MTY0NTIxFQIAEhgUM0E1MEU0QUNERDU0MDY0OTE2NjMA\",\"timestamp\":\"1748428699\",\"text\":{\"body\":\"بقولك ايه انت نشرت محطه البنزين علي حراج ولا لسه علشان فيه تعديل صغير ف الصور\"},\"type\":\"text\",\"profile\":{\"name\":\"Muhammad Hassan\"},\"replyto\":\"wamid.HBgMMjAxMDk2MTY0NTIxFQIAEhgUM0E1MEU0QUNERDU0MDY0OTE2NjMA\"}"
        }
      ],
      "sender": "whatsappcloud://966504766622@",
      "receiver": "whatsappcloud://201096164521@whatsapp.com?name=Muhammad Hassan"
    }
  },
  "query": {},
  "url": "/webhook"
}

