[2025-05-28T10:37:31.762Z] webhookUrl:
{
  "method": "POST",
  "headers": {
    "host": "519f-197-135-187-17.ngrok-free.app",
    "user-agent": "Go-http-client/2.0",
    "content-length": "1004",
    "accept-encoding": "gzip",
    "authorization": "Basic YTU5NWRiNDg0ZTlhNGUzYWExYThiZmI1NWFkNTY1MzA6MGQyNTdmZjQ1YzIwNGMwZjEwNGRhYjZiNDdmYjc0NjM=",
    "content-type": "application/json",
    "x-forwarded-for": "18.157.156.56",
    "x-forwarded-host": "519f-197-135-187-17.ngrok-free.app",
    "x-forwarded-proto": "https",
    "x-unificationengine-signature": "Njg3ODQ0OTIwMmZiYTMwNDQ2ZjUzYTFkMjdjN2E4MGJkNDZiN2M3MjgwNjAzMzcxNGUwZTJjNDRlMzUyNjcwOTBkMWE0MGU0MTgwMmE4MGMyODBlYzlmMTYzMjlkZTdmZTQ2OGNlOWFhNTNmMDViOTQ2NmViZWYwZWYzZjBjYmY="
  },
  "body": {
    "uri": "https://519f-197-135-187-17.ngrok-free.app/webhook",
    "data": {
      "messagepreview": "حموووووووته",
      "connectionname": "",
      "uri": "whatsappcloud://966504766622@",
      "receiveraddress": "201096164521",
      "senderaddress": "966504766622",
      "attachment": {
        "value": "حموووووووته",
        "uri": "whatsappcloud://201096164521@whatsapp.com"
      },
      "timestamp": 1748428650,
      "attachmenttype": "text",
      "webhookaccesskey": "e7a4f2a1-3b78-4641-abe2-8d4fa2bd4583",
      "parts": [
        {
          "contentType": "text",
          "data": "حموووووووته",
          "uri": "whatsappcloud://201096164521@whatsapp.com",
          "originalEvent": "{\"from\":\"201096164521\",\"id\":\"wamid.HBgMMjAxMDk2MTY0NTIxFQIAEhgUM0FERThGNzgxOTk2MDlFNTc2OTEA\",\"timestamp\":\"1748428650\",\"text\":{\"body\":\"حموووووووته\"},\"type\":\"text\",\"profile\":{\"name\":\"Muhammad Hassan\"},\"replyto\":\"wamid.HBgMMjAxMDk2MTY0NTIxFQIAEhgUM0FERThGNzgxOTk2MDlFNTc2OTEA\"}"
        }
      ],
      "sender": "whatsappcloud://966504766622@",
      "receiver": "whatsappcloud://201096164521@whatsapp.com?name=Muhammad Hassan"
    }
  },
  "query": {},
  "url": "/webhook"
}

