[2025-05-12T13:36:39.142Z] webhookUrl:
{
  "method": "POST",
  "headers": {
    "host": "6901-2a02-ce0-2002-d0d3-cd06-6fa1-9d80-b431.ngrok-free.app",
    "user-agent": "axios/1.9.0",
    "content-length": "722",
    "accept": "application/json, text/plain, */*",
    "accept-encoding": "gzip, compress, deflate, br",
    "content-type": "application/json",
    "x-forwarded-for": "18.197.10.64",
    "x-forwarded-host": "6901-2a02-ce0-2002-d0d3-cd06-6fa1-9d80-b431.ngrok-free.app",
    "x-forwarded-proto": "https"
  },
  "body": {
    "uri": "https://6901-2a02-ce0-2002-d0d3-cd06-6fa1-9d80-b431.ngrok-free.app/webhook",
    "data": {
      "messagepreview": "WEBHOOK_MESSAGE",
      "connectionname": "",
      "uri": "SCHEME://BOT_NUMBER@",
      "receiveraddress": "RECEIVER_ADDRESS",
      "senderaddress": "BOT_NUMBER",
      "attachment": {
        "value": "WEBHOOK_MESSAGE",
        "uri": "SCHEME://BOT_NUMBER@DOMAIN"
      },
      "timestamp": 1700450311,
      "attachmenttype": "text",
      "webhookaccesskey": "APPLICATION_ID",
      "parts": [
        {
          "contentType": "text",
          "data": "WEBHOOK_MESSAGE",
          "uri": "SCHEME://BOT_NUMBER@DOMAIN",
          "originalEvent": "{\"from\":\"FROM_ADDRESS\",\"id\":\"MESSAGE_ID\",\"text\":{\"body\":\"WEBHOOK_MESSAGE\"},\"timestamp\":\"1700450311\",\"type\":\"text\"}"
        }
      ],
      "sender": "SCHEME://BOT_NUMBER@",
      "receiver": "SCHEME://BOT_NUMBER@DOMAIN"
    }
  },
  "query": {},
  "url": "/webhook"
}

