[2025-06-22T12:38:38.094Z] redirectUrl:
{
  "method": "GET",
  "headers": {
    "host": "e4a3-197-135-114-6.ngrok-free.app",
    "user-agent": "Mozilla/5.0 (Macintosh; Intel Mac OS X 10_15_7) AppleWebKit/537.36 (KHTML, like Gecko) Chrome/137.0.0.0 Safari/537.36",
    "accept": "text/html,application/xhtml+xml,application/xml;q=0.9,image/avif,image/webp,image/apng,*/*;q=0.8,application/signed-exchange;v=b3;q=0.7",
    "accept-encoding": "gzip, deflate, br, zstd",
    "accept-language": "en-US,en;q=0.9,ar;q=0.8,zh;q=0.7,sv;q=0.6",
    "priority": "u=0, i",
    "referer": "https://www.facebook.com/",
    "sec-ch-ua": "\"Google Chrome\";v=\"137\", \"Chromium\";v=\"137\", \"Not/A)Brand\";v=\"24\"",
    "sec-ch-ua-mobile": "?0",
    "sec-ch-ua-platform": "\"macOS\"",
    "sec-fetch-dest": "document",
    "sec-fetch-mode": "navigate",
    "sec-fetch-site": "cross-site",
    "upgrade-insecure-requests": "1",
    "x-forwarded-for": "197.135.114.6",
    "x-forwarded-host": "e4a3-197-135-114-6.ngrok-free.app",
    "x-forwarded-proto": "https"
  },
  "query": {
    "code": "AQA9VItOUuKPEYNPTaiZen6GdbupYhSH9yDo2xIMfhcySjvn0j6D1uLDIywhDh0lxevrEfZLPFo5PHNp8Ix9hA3Cwn6K8Xgb576fkpNU2HqQSvZwMbYnSI61blpjEfhyBp7H_ModNkqsKQym1T7bEfvoGUXlUCir3WqTRZnmOuDMytqaJUGdcnW8LOBAoVN8Da8uiLh6ABrIdTQoBndNm6OSW88R3iIBTAXEl_fos4TVfZVAYVMTayWVCU6F_hvKLkBIYQLHbvUxNeR8LtqDBJZED-WYZBW4nbjrgLsRJ5xyzlYSrduWqZwomAt5YeN3tZ4qEm78ulgg350PG3-8YJqvJRozgQyznmxrMNT9QfkVIMxtqdxVDkocMMLUOrsQxKg"
  },
  "url": "/redirect?code=AQA9VItOUuKPEYNPTaiZen6GdbupYhSH9yDo2xIMfhcySjvn0j6D1uLDIywhDh0lxevrEfZLPFo5PHNp8Ix9hA3Cwn6K8Xgb576fkpNU2HqQSvZwMbYnSI61blpjEfhyBp7H_ModNkqsKQym1T7bEfvoGUXlUCir3WqTRZnmOuDMytqaJUGdcnW8LOBAoVN8Da8uiLh6ABrIdTQoBndNm6OSW88R3iIBTAXEl_fos4TVfZVAYVMTayWVCU6F_hvKLkBIYQLHbvUxNeR8LtqDBJZED-WYZBW4nbjrgLsRJ5xyzlYSrduWqZwomAt5YeN3tZ4qEm78ulgg350PG3-8YJqvJRozgQyznmxrMNT9QfkVIMxtqdxVDkocMMLUOrsQxKg"
}

