[2025-06-22T11:03:36.500Z] redirectUrl:
{
  "method": "GET",
  "headers": {
    "host": "e4a3-197-135-114-6.ngrok-free.app",
    "user-agent": "Mozilla/5.0 (Windows NT 10.0; Win64; x64) AppleWebKit/537.36 (KHTML, like Gecko) Chrome/137.0.0.0 Safari/537.36",
    "accept": "text/html,application/xhtml+xml,application/xml;q=0.9,image/avif,image/webp,image/apng,*/*;q=0.8,application/signed-exchange;v=b3;q=0.7",
    "accept-encoding": "gzip, deflate, br, zstd",
    "accept-language": "ar,en-US;q=0.9,en;q=0.8",
    "priority": "u=0, i",
    "referer": "https://partner.uib.ai/",
    "sec-ch-ua": "\"Google Chrome\";v=\"137\", \"Chromium\";v=\"137\", \"Not/A)Brand\";v=\"24\"",
    "sec-ch-ua-mobile": "?0",
    "sec-ch-ua-platform": "\"Windows\"",
    "sec-fetch-dest": "document",
    "sec-fetch-mode": "navigate",
    "sec-fetch-site": "cross-site",
    "upgrade-insecure-requests": "1",
    "x-forwarded-for": "5.41.82.46",
    "x-forwarded-host": "e4a3-197-135-114-6.ngrok-free.app",
    "x-forwarded-proto": "https"
  },
  "query": {
    "status": "false",
    "message": "Registration failed. Please contact support@uib.ai."
  },
  "url": "/redirect?status=false&message=Registration%20failed.%20Please%20contact%20support@uib.ai."
}

