[2025-04-23T13:26:54.866Z] webhookUrl:
{
  "method": "POST",
  "headers": {
    "host": "4b60-197-135-80-208.ngrok-free.app",
    "user-agent": "Go-http-client/2.0",
    "content-length": "934",
    "accept-encoding": "gzip",
    "authorization": "Basic Mzg4ZGY5OTFkZjRlNDQ4YThlNmI3YWY4N2YyNjUwNGM6ZWZjY2Y5ZDIzMjRmYjA1Y2Q1YjM3ODM5YWQ4NjdiZjU=",
    "content-type": "application/json",
    "x-forwarded-for": "3.124.97.71",
    "x-forwarded-host": "4b60-197-135-80-208.ngrok-free.app",
    "x-forwarded-proto": "https",
    "x-unificationengine-signature": "MzUxNTk0YjQ0ZTkzMTkzMTg1YzA3YmE1Zjg3MTYyYThjN2RhN2E5Nzg3NjcyMDM4ODdlYWM2NzlhM2U0OTdjMjdlZjk3MjUzMmMzNWY0NGEyMzFkZjljMDhiMjhmMWZhNGVmMzI0ZTI1NDc4ZjkwNDQwNTEwMDczYzYyNmRhM2E="
  },
  "body": {
    "uri": "https://4b60-197-135-80-208.ngrok-free.app/webhook",
    "data": {
      "messagepreview": "هاي",
      "connectionname": "",
      "uri": "whatsappcloud://966574729542@",
      "receiveraddress": "201008184146",
      "senderaddress": "966574729542",
      "attachment": {
        "value": "هاي",
        "uri": "whatsappcloud://201008184146@whatsapp.com"
      },
      "timestamp": 1745414813,
      "attachmenttype": "text",
      "webhookaccesskey": "c1547ef0-a164-4fa7-b77f-3703e7e3345a",
      "parts": [
        {
          "contentType": "text",
          "data": "هاي",
          "uri": "whatsappcloud://201008184146@whatsapp.com",
          "originalEvent": "{\"from\":\"201008184146\",\"id\":\"wamid.HBgMMjAxMDA4MTg0MTQ2FQIAEhgUM0E5QTdFQzM3NTczREZBNDIwRDYA\",\"timestamp\":\"1745414813\",\"text\":{\"body\":\"هاي\"},\"type\":\"text\",\"profile\":{\"name\":\"Hassan Magdy\"},\"replyto\":\"wamid.HBgMMjAxMDA4MTg0MTQ2FQIAEhgUM0E5QTdFQzM3NTczREZBNDIwRDYA\"}"
        }
      ],
      "sender": "whatsappcloud://966574729542@",
      "receiver": "whatsappcloud://201008184146@whatsapp.com?name=Hassan Magdy"
    }
  },
  "query": {},
  "url": "/webhook"
}

