[2025-04-23T14:26:42.322Z] redirectUrl:
{
  "method": "GET",
  "headers": {
    "host": "8f8b-197-135-80-208.ngrok-free.app",
    "user-agent": "Mozilla/5.0 (Macintosh; Intel Mac OS X 10_15_7) AppleWebKit/537.36 (KHTML, like Gecko) Chrome/135.0.0.0 Safari/537.36",
    "accept": "text/html,application/xhtml+xml,application/xml;q=0.9,image/avif,image/webp,image/apng,*/*;q=0.8,application/signed-exchange;v=b3;q=0.7",
    "accept-encoding": "gzip, deflate, br, zstd",
    "accept-language": "en-US,en;q=0.9,ar;q=0.8,zh;q=0.7,sv;q=0.6",
    "priority": "u=0, i",
    "referer": "https://partner.uib.ai/",
    "sec-ch-ua": "\"Google Chrome\";v=\"135\", \"Not-A.Brand\";v=\"8\", \"Chromium\";v=\"135\"",
    "sec-ch-ua-mobile": "?0",
    "sec-ch-ua-platform": "\"macOS\"",
    "sec-fetch-dest": "document",
    "sec-fetch-mode": "navigate",
    "sec-fetch-site": "cross-site",
    "upgrade-insecure-requests": "1",
    "x-forwarded-for": "197.135.80.208",
    "x-forwarded-host": "8f8b-197-135-80-208.ngrok-free.app",
    "x-forwarded-proto": "https"
  },
  "query": {
    "status": "true",
    "data": "eyJ3YWJhSWQiOiIxMjIwMTg2ODc5NTA5NzgwIiwicGhvbmVOdW1iZXIiOiIrMSAyNTQtODc2LTkwMDYiLCJ2ZXJpZmllZE5hbWUiOiJQZWFrIFRpbWUgIiwiY3VzdG9tZXJJZCI6IjEtZ2FtbWEifQ==",
    "message": "success"
  },
  "url": "/redirect?status=true&data=eyJ3YWJhSWQiOiIxMjIwMTg2ODc5NTA5NzgwIiwicGhvbmVOdW1iZXIiOiIrMSAyNTQtODc2LTkwMDYiLCJ2ZXJpZmllZE5hbWUiOiJQZWFrIFRpbWUgIiwiY3VzdG9tZXJJZCI6IjEtZ2FtbWEifQ==&message=success"
}

